

Microchip Technology PIC18 LITE Macro Assembler V1.35 build -356382666 
                                                                                               Tue Feb 06 16:08:36 2024

Microchip Technology Omniscient Code Generator v1.35 (Free mode) build 201507080246
     1                           	processor	18F4550
     2                           	fnconf	rparam,??,?,0
     3                           	opt	pw 120
     4                           	opt	lm
     5                           	psect	idataCOMRAM,global,class=CODE,delta=1
     6                           	psect	smallconst,global,reloc=2,class=SMALLCONST,delta=1
     7                           	psect	cinit,global,reloc=2,class=CODE,delta=1
     8                           	psect	bssCOMRAM,global,class=COMRAM,space=1,delta=1
     9                           	psect	dataCOMRAM,global,class=COMRAM,space=1,delta=1
    10                           	psect	cstackCOMRAM,global,class=COMRAM,space=1,delta=1
    11                           	psect	text0,global,reloc=2,class=CODE,delta=1
    12                           	psect	text1,global,reloc=2,class=CODE,delta=1
    13                           	psect	text2,global,reloc=2,class=CODE,delta=1
    14                           	psect	text3,global,reloc=2,class=CODE,delta=1
    15                           	psect	text4,global,reloc=2,class=CODE,delta=1
    16                           	psect	text5,global,reloc=2,class=CODE,delta=1
    17                           	psect	text6,global,reloc=2,class=CODE,delta=1
    18                           	psect	text7,global,reloc=2,class=CODE,delta=1
    19                           	psect	text8,global,reloc=2,class=CODE,delta=1
    20                           	psect	text9,global,reloc=2,class=CODE,delta=1
    21                           	psect	intsave_regs,global,class=BIGRAM,space=1,delta=1
    22                           	psect	rparam,global,class=COMRAM,space=1,delta=1
    23  0000                     
    24                           	psect	idataCOMRAM
    25  007D1B                     __pidataCOMRAM:
    26                           	opt stack 0
    27                           
    28                           ;initializer for _Message1
    29  007D1B  45                 	db	69
    30  007D1C  6E                 	db	110
    31  007D1D  74                 	db	116
    32  007D1E  65                 	db	101
    33  007D1F  72                 	db	114
    34  007D20  20                 	db	32
    35  007D21  50                 	db	80
    36  007D22  49                 	db	73
    37  007D23  4E                 	db	78
    38  007D24  20                 	db	32
    39  007D25  6E                 	db	110
    40  007D26  75                 	db	117
    41  007D27  6D                 	db	109
    42  007D28  62                 	db	98
    43  007D29  65                 	db	101
    44  007D2A  72                 	db	114
    45  007D2B  20                 	db	32
    46  007D2C  3A                 	db	58
    47  007D2D  20                 	db	32
    48  007D2E  20                 	db	32
    49  007D2F  00                 	db	0
    50                           
    51                           	psect	smallconst
    52  001004                     __psmallconst:
    53                           	opt stack 0
    54  001004  00                 	db	0
    55  001005                     getkey@F4444:
    56                           	opt stack 0
    57  001005  31                 	db	49
    58  001006  32                 	db	50
    59  001007  33                 	db	51
    60  001008  46                 	db	70
    61  001009  34                 	db	52
    62  00100A  35                 	db	53
    63  00100B  36                 	db	54
    64  00100C  45                 	db	69
    65  00100D  37                 	db	55
    66  00100E  38                 	db	56
    67  00100F  39                 	db	57
    68  001010  44                 	db	68
    69  001011  41                 	db	65
    70  001012  30                 	db	48
    71  001013  42                 	db	66
    72  001014  43                 	db	67
    73  001015  20                 	db	32
    74  001016  00                 	db	0
    75  001017                     __end_ofgetkey@F4444:
    76                           	opt stack 0
    77  0000                     _ADCON1	set	4033
    78  0000                     _CCP1CON	set	4029
    79  0000                     _CCP2CON	set	4026
    80  0000                     _CCPR1L	set	4030
    81  0000                     _CCPR2L	set	4027
    82  0000                     _OSCCON	set	4051
    83  0000                     _PORTAbits	set	3968
    84  0000                     _PORTB	set	3969
    85  0000                     _PORTBbits	set	3969
    86  0000                     _PORTCbits	set	3970
    87  0000                     _PORTD	set	3971
    88  0000                     _PORTDbits	set	3971
    89  0000                     _PR2	set	4043
    90  0000                     _T2CON	set	4042
    91  0000                     _T2CONbits	set	4042
    92  0000                     _TMR2	set	4044
    93  0000                     _TRISAbits	set	3986
    94  0000                     _TRISC	set	3988
    95  0000                     _TRISCbits	set	3988
    96  0000                     _TRISD	set	3989
    97  001017  00                 	db	0	; dummy byte at the end
    98  0000                     
    99                           ; #config settings
   100                           
   101                           	psect	cinit
   102  007D86                     __pcinit:
   103                           	opt stack 0
   104  007D86                     start_initialization:
   105                           	opt stack 0
   106  007D86                     __initialization:
   107                           	opt stack 0
   108                           
   109                           ; Clear objects allocated to COMRAM (9 bytes)
   110  007D86  EE00  F027         	lfsr	0,__pbssCOMRAM
   111  007D8A  0E09               	movlw	9
   112  007D8C                     clear_0:
   113  007D8C  6AEE               	clrf	postinc0,c
   114  007D8E  06E8               	decf	wreg,f,c
   115  007D90  E1FD               	bnz	clear_0
   116                           
   117                           ; Initialize objects allocated to COMRAM (21 bytes)
   118                           ; load TBLPTR registers with __pidataCOMRAM
   119  007D92  0E1B               	movlw	low __pidataCOMRAM
   120  007D94  6EF6               	movwf	tblptrl,c
   121  007D96  0E7D               	movlw	high __pidataCOMRAM
   122  007D98  6EF7               	movwf	tblptrh,c
   123  007D9A  0E00               	movlw	low (__pidataCOMRAM shr (0+16))
   124  007D9C  6EF8               	movwf	tblptru,c
   125  007D9E  EE00  F001         	lfsr	0,__pdataCOMRAM
   126  007DA2  EE10 F015          	lfsr	1,21
   127  007DA6                     copy_data0:
   128  007DA6  0009               	tblrd		*+
   129  007DA8  CFF5 FFEE          	movff	tablat,postinc0
   130  007DAC  50E5               	movf	postdec1,w,c
   131  007DAE  50E1               	movf	fsr1l,w,c
   132  007DB0  E1FA               	bnz	copy_data0
   133  007DB2                     end_of_initialization:
   134                           	opt stack 0
   135  007DB2                     __end_of__initialization:
   136                           	opt stack 0
   137  007DB2  0E00               	movlw	low (__Lsmallconst shr (0+16))
   138  007DB4  6EF8               	movwf	tblptru,c
   139  007DB6  0E10               	movlw	high __Lsmallconst
   140  007DB8  6EF7               	movwf	tblptrh,c
   141  007DBA  0100               	movlb	0
   142  007DBC  EF88  F03E         	goto	_main	;jump to C main() function
   143                           tblptru	equ	0xFF8
   144                           tblptrh	equ	0xFF7
   145                           tblptrl	equ	0xFF6
   146                           tablat	equ	0xFF5
   147                           postinc0	equ	0xFEE
   148                           wreg	equ	0xFE8
   149                           postdec1	equ	0xFE5
   150                           fsr1l	equ	0xFE1
   151                           
   152                           	psect	bssCOMRAM
   153  000027                     __pbssCOMRAM:
   154                           	opt stack 0
   155  000027                     _errno:
   156                           	opt stack 0
   157  000027                     	ds	2
   158  000029                     _c:
   159                           	opt stack 0
   160  000029                     	ds	1
   161  00002A                     _key:
   162                           	opt stack 0
   163  00002A                     	ds	1
   164  00002B                     _outchar:
   165                           	opt stack 0
   166  00002B                     	ds	1
   167  00002C                     _p1:
   168                           	opt stack 0
   169  00002C                     	ds	1
   170  00002D                     _p2:
   171                           	opt stack 0
   172  00002D                     	ds	1
   173  00002E                     _p3:
   174                           	opt stack 0
   175  00002E                     	ds	1
   176  00002F                     _p4:
   177                           	opt stack 0
   178  00002F                     	ds	1
   179                           tblptru	equ	0xFF8
   180                           tblptrh	equ	0xFF7
   181                           tblptrl	equ	0xFF6
   182                           tablat	equ	0xFF5
   183                           postinc0	equ	0xFEE
   184                           wreg	equ	0xFE8
   185                           postdec1	equ	0xFE5
   186                           fsr1l	equ	0xFE1
   187                           
   188                           	psect	dataCOMRAM
   189  000001                     __pdataCOMRAM:
   190                           	opt stack 0
   191  000001                     _Message1:
   192                           	opt stack 0
   193  000001                     	ds	21
   194                           tblptru	equ	0xFF8
   195                           tblptrh	equ	0xFF7
   196                           tblptrl	equ	0xFF6
   197                           tablat	equ	0xFF5
   198                           postinc0	equ	0xFEE
   199                           wreg	equ	0xFE8
   200                           postdec1	equ	0xFE5
   201                           fsr1l	equ	0xFE1
   202                           
   203                           	psect	cstackCOMRAM
   204  000016                     __pcstackCOMRAM:
   205                           	opt stack 0
   206  000016                     ??_lcd_strobe:
   207  000016                     ?___lwdiv:
   208                           	opt stack 0
   209  000016                     delay_ms@i:
   210                           	opt stack 0
   211  000016                     ___lwdiv@dividend:
   212                           	opt stack 0
   213                           
   214                           ; 2 bytes @ 0x0
   215  000016                     	ds	1
   216  000017                     ??_lcd_write_cmd:
   217                           
   218                           ; 0 bytes @ 0x1
   219  000017                     	ds	1
   220  000018                     ??_delay_ms:
   221  000018                     lcd_write_cmd@cmd:
   222                           	opt stack 0
   223  000018                     ___lwdiv@divisor:
   224                           	opt stack 0
   225                           
   226                           ; 2 bytes @ 0x2
   227  000018                     	ds	1
   228  000019                     lcd_write_cmd@temp2:
   229                           	opt stack 0
   230  000019                     delay_ms@j:
   231                           	opt stack 0
   232                           
   233                           ; 2 bytes @ 0x3
   234  000019                     	ds	1
   235  00001A                     ??_lcd_init:
   236  00001A                     ___lwdiv@quotient:
   237                           	opt stack 0
   238                           
   239                           ; 2 bytes @ 0x4
   240  00001A                     	ds	1
   241  00001B                     lcd_init@i:
   242                           	opt stack 0
   243                           
   244                           ; 2 bytes @ 0x5
   245  00001B                     	ds	1
   246  00001C                     ___lwdiv@counter:
   247                           	opt stack 0
   248                           
   249                           ; 1 bytes @ 0x6
   250  00001C                     	ds	1
   251  00001D                     delay_us@i:
   252                           	opt stack 0
   253                           
   254                           ; 2 bytes @ 0x7
   255  00001D                     	ds	2
   256  00001F                     delay_us@j:
   257                           	opt stack 0
   258                           
   259                           ; 2 bytes @ 0x9
   260  00001F                     	ds	2
   261  000021                     delay_us@lower:
   262                           	opt stack 0
   263                           
   264                           ; 2 bytes @ 0xB
   265  000021                     	ds	2
   266  000023                     UltraSound@distance_cm:
   267                           	opt stack 0
   268                           
   269                           ; 2 bytes @ 0xD
   270  000023                     	ds	2
   271  000025                     UltraSound@Count:
   272                           	opt stack 0
   273                           
   274                           ; 2 bytes @ 0xF
   275  000025                     	ds	2
   276  000027                     tblptru	equ	0xFF8
   277                           tblptrh	equ	0xFF7
   278                           tblptrl	equ	0xFF6
   279                           tablat	equ	0xFF5
   280                           postinc0	equ	0xFEE
   281                           wreg	equ	0xFE8
   282                           postdec1	equ	0xFE5
   283                           fsr1l	equ	0xFE1
   284                           
   285                           ; 0 bytes @ 0x11
   286 ;;
   287 ;;Main: autosize = 0, tempsize = 0, incstack = 0, save=0
   288 ;;
   289 ;; *************** function _main *****************
   290 ;; Defined at:
   291 ;;		line 7 in file "newmain.c"
   292 ;; Parameters:    Size  Location     Type
   293 ;;		None
   294 ;; Auto vars:     Size  Location     Type
   295 ;;		None
   296 ;; Return value:  Size  Location     Type
   297 ;;		None               void
   298 ;; Registers used:
   299 ;;		wreg, status,2, status,0, cstack
   300 ;; Tracked objects:
   301 ;;		On entry : 0/0
   302 ;;		On exit  : 0/0
   303 ;;		Unchanged: 0/0
   304 ;; Data sizes:     COMRAM   BANK0   BANK1   BANK2   BANK3   BANK4   BANK5   BANK6   BANK7
   305 ;;      Params:         0       0       0       0       0       0       0       0       0
   306 ;;      Locals:         0       0       0       0       0       0       0       0       0
   307 ;;      Temps:          0       0       0       0       0       0       0       0       0
   308 ;;      Totals:         0       0       0       0       0       0       0       0       0
   309 ;;Total ram usage:        0 bytes
   310 ;; Hardware stack levels required when called:    4
   311 ;; This function calls:
   312 ;;		_UltraSound
   313 ;; This function is called by:
   314 ;;		Startup code after reset
   315 ;; This function uses a non-reentrant model
   316 ;;
   317                           
   318                           	psect	text0
   319  007D10                     __ptext0:
   320                           	opt stack 0
   321  007D10                     _main:
   322                           	opt stack 27
   323                           
   324                           ;newmain.c: 8: TRISC = 0b00000010;
   325                           
   326                           ;incstack = 0
   327  007D10  0E02               	movlw	2
   328  007D12  6E94               	movwf	3988,c	;volatile
   329  007D14                     l1426:
   330                           
   331                           ;newmain.c: 11: UltraSound();
   332  007D14  ECB7  F03F         	call	_UltraSound	;wreg free
   333  007D18  D7FD               	goto	l1426
   334  007D1A                     __end_of_main:
   335                           	opt stack 0
   336                           tblptru	equ	0xFF8
   337                           tblptrh	equ	0xFF7
   338                           tblptrl	equ	0xFF6
   339                           tablat	equ	0xFF5
   340                           postinc0	equ	0xFEE
   341                           wreg	equ	0xFE8
   342                           postdec1	equ	0xFE5
   343                           fsr1l	equ	0xFE1
   344                           
   345 ;; *************** function _UltraSound *****************
   346 ;; Defined at:
   347 ;;		line 5 in file "UltraSound.c"
   348 ;; Parameters:    Size  Location     Type
   349 ;;		None
   350 ;; Auto vars:     Size  Location     Type
   351 ;;  Count           2   15[COMRAM] unsigned int 
   352 ;;  distance_cm     2   13[COMRAM] unsigned int 
   353 ;; Return value:  Size  Location     Type
   354 ;;                  2    4[None  ] int 
   355 ;; Registers used:
   356 ;;		wreg, status,2, status,0, cstack
   357 ;; Tracked objects:
   358 ;;		On entry : 0/0
   359 ;;		On exit  : 0/0
   360 ;;		Unchanged: 0/0
   361 ;; Data sizes:     COMRAM   BANK0   BANK1   BANK2   BANK3   BANK4   BANK5   BANK6   BANK7
   362 ;;      Params:         0       0       0       0       0       0       0       0       0
   363 ;;      Locals:         4       0       0       0       0       0       0       0       0
   364 ;;      Temps:          0       0       0       0       0       0       0       0       0
   365 ;;      Totals:         4       0       0       0       0       0       0       0       0
   366 ;;Total ram usage:        4 bytes
   367 ;; Hardware stack levels used:    1
   368 ;; Hardware stack levels required when called:    3
   369 ;; This function calls:
   370 ;;		___lwdiv
   371 ;;		_delay_ms
   372 ;;		_delay_us
   373 ;;		_lcd_backlight_off
   374 ;;		_lcd_backlight_on
   375 ;;		_lcd_init
   376 ;; This function is called by:
   377 ;;		_main
   378 ;; This function uses a non-reentrant model
   379 ;;
   380                           
   381                           	psect	text1
   382  007F6E                     __ptext1:
   383                           	opt stack 0
   384  007F6E                     _UltraSound:
   385                           	opt stack 27
   386                           
   387                           ;UltraSound.c: 6: ADCON1 = 0x0F;
   388                           
   389                           ;incstack = 0
   390  007F6E  0E0F               	movlw	15
   391  007F70  6EC1               	movwf	4033,c	;volatile
   392                           
   393                           ;UltraSound.c: 7: TRISAbits.TRISA1 = 0;
   394  007F72  9292               	bcf	3986,1,c	;volatile
   395                           
   396                           ;UltraSound.c: 8: TRISAbits.TRISA2 = 1;
   397  007F74  8492               	bsf	3986,2,c	;volatile
   398                           
   399                           ;UltraSound.c: 9: lcd_init();
   400  007F76  EC41  F03F         	call	_lcd_init	;wreg free
   401  007F7A                     l1400:
   402                           
   403                           ;UltraSound.c: 12: unsigned int Count = 0;
   404  007F7A  0E00               	movlw	0
   405  007F7C  6E26               	movwf	UltraSound@Count+1,c
   406  007F7E  0E00               	movlw	0
   407  007F80  6E25               	movwf	UltraSound@Count,c
   408                           
   409                           ;UltraSound.c: 14: PORTAbits.RA1 = 1;
   410  007F82  8280               	bsf	3968,1,c	;volatile
   411                           
   412                           ;UltraSound.c: 15: delay_us(10);
   413  007F84  0E00               	movlw	0
   414  007F86  6E1E               	movwf	delay_us@i+1,c
   415  007F88  0E0A               	movlw	10
   416  007F8A  6E1D               	movwf	delay_us@i,c
   417  007F8C  EC7A  F03F         	call	_delay_us	;wreg free
   418                           
   419                           ;UltraSound.c: 16: PORTAbits.RA1 = 0;
   420  007F90  9280               	bcf	3968,1,c	;volatile
   421                           
   422                           ;UltraSound.c: 17: delay_ms(1);
   423  007F92  0E00               	movlw	0
   424  007F94  6E17               	movwf	delay_ms@i+1,c
   425  007F96  0E01               	movlw	1
   426  007F98  6E16               	movwf	delay_ms@i,c
   427  007F9A  ECA9  F03E         	call	_delay_ms	;wreg free
   428  007F9E                     l105:
   429  007F9E  A480               	btfss	3968,2,c	;volatile
   430  007FA0  D7FE               	goto	l105
   431                           
   432                           ;UltraSound.c: 21: Count = 0;
   433  007FA2  0E00               	movlw	0
   434  007FA4  6E26               	movwf	UltraSound@Count+1,c
   435  007FA6  0E00               	movlw	0
   436  007FA8  6E25               	movwf	UltraSound@Count,c
   437                           
   438                           ;UltraSound.c: 23: while ((PORTAbits.RA2 == 1) && (Count < 200)) {
   439  007FAA  D008               	goto	l1412
   440  007FAC                     l1408:
   441                           
   442                           ;UltraSound.c: 24: delay_us(58);
   443  007FAC  0E00               	movlw	0
   444  007FAE  6E1E               	movwf	delay_us@i+1,c
   445  007FB0  0E3A               	movlw	58
   446  007FB2  6E1D               	movwf	delay_us@i,c
   447  007FB4  EC7A  F03F         	call	_delay_us	;wreg free
   448                           
   449                           ;UltraSound.c: 25: Count++;
   450  007FB8  4A25               	infsnz	UltraSound@Count,f,c
   451  007FBA  2A26               	incf	UltraSound@Count+1,f,c
   452  007FBC                     l1412:
   453  007FBC  A480               	btfss	3968,2,c	;volatile
   454  007FBE  D006               	goto	l1416
   455  007FC0  5026               	movf	UltraSound@Count+1,w,c
   456  007FC2  E104               	bnz	l1416
   457  007FC4  0EC8               	movlw	200
   458  007FC6  5C25               	subwf	UltraSound@Count,w,c
   459  007FC8  A0D8               	btfss	status,0,c
   460  007FCA  D7F0               	goto	l1408
   461  007FCC                     l1416:
   462                           
   463                           ;UltraSound.c: 26: }
   464                           ;UltraSound.c: 28: unsigned int distance_cm = Count / 58;
   465  007FCC  C025  F016         	movff	UltraSound@Count,___lwdiv@dividend
   466  007FD0  C026  F017         	movff	UltraSound@Count+1,___lwdiv@dividend+1
   467  007FD4  0E00               	movlw	0
   468  007FD6  6E19               	movwf	___lwdiv@divisor+1,c
   469  007FD8  0E3A               	movlw	58
   470  007FDA  6E18               	movwf	___lwdiv@divisor,c
   471  007FDC  ECE0  F03E         	call	___lwdiv	;wreg free
   472  007FE0  C016  F023         	movff	?___lwdiv,UltraSound@distance_cm
   473  007FE4  C017  F024         	movff	?___lwdiv+1,UltraSound@distance_cm+1
   474                           
   475                           ;UltraSound.c: 30: if (distance_cm <= 5) {
   476  007FE8  5024               	movf	UltraSound@distance_cm+1,w,c
   477  007FEA  E107               	bnz	l1422
   478  007FEC  0E06               	movlw	6
   479  007FEE  5C23               	subwf	UltraSound@distance_cm,w,c
   480  007FF0  B0D8               	btfsc	status,0,c
   481  007FF2  D003               	goto	l1422
   482                           
   483                           ;UltraSound.c: 32: lcd_backlight_on();
   484  007FF4  EC86  F03E         	call	_lcd_backlight_on	;wreg free
   485                           
   486                           ;UltraSound.c: 34: } else {
   487  007FF8  D7C0               	goto	l1400
   488  007FFA                     l1422:
   489                           
   490                           ;UltraSound.c: 36: lcd_backlight_off();
   491  007FFA  EC84  F03E         	call	_lcd_backlight_off	;wreg free
   492                           
   493                           ;UltraSound.c: 37: break;
   494  007FFE  0012               	return	
   495  008000                     __end_of_UltraSound:
   496                           	opt stack 0
   497                           tblptru	equ	0xFF8
   498                           tblptrh	equ	0xFF7
   499                           tblptrl	equ	0xFF6
   500                           tablat	equ	0xFF5
   501                           postinc0	equ	0xFEE
   502                           wreg	equ	0xFE8
   503                           postdec1	equ	0xFE5
   504                           fsr1l	equ	0xFE1
   505                           status	equ	0xFD8
   506                           
   507 ;; *************** function _lcd_init *****************
   508 ;; Defined at:
   509 ;;		line 94 in file "lcd_utilities.c"
   510 ;; Parameters:    Size  Location     Type
   511 ;;		None
   512 ;; Auto vars:     Size  Location     Type
   513 ;;  i               2    5[COMRAM] int 
   514 ;; Return value:  Size  Location     Type
   515 ;;		None               void
   516 ;; Registers used:
   517 ;;		wreg, status,2, status,0, cstack
   518 ;; Tracked objects:
   519 ;;		On entry : 0/0
   520 ;;		On exit  : 0/0
   521 ;;		Unchanged: 0/0
   522 ;; Data sizes:     COMRAM   BANK0   BANK1   BANK2   BANK3   BANK4   BANK5   BANK6   BANK7
   523 ;;      Params:         0       0       0       0       0       0       0       0       0
   524 ;;      Locals:         2       0       0       0       0       0       0       0       0
   525 ;;      Temps:          1       0       0       0       0       0       0       0       0
   526 ;;      Totals:         3       0       0       0       0       0       0       0       0
   527 ;;Total ram usage:        3 bytes
   528 ;; Hardware stack levels used:    1
   529 ;; Hardware stack levels required when called:    2
   530 ;; This function calls:
   531 ;;		_lcd_write_cmd
   532 ;; This function is called by:
   533 ;;		_UltraSound
   534 ;;		_LockMotor
   535 ;; This function uses a non-reentrant model
   536 ;;
   537                           
   538                           	psect	text2
   539  007E82                     __ptext2:
   540                           	opt stack 0
   541  007E82                     _lcd_init:
   542                           	opt stack 27
   543                           
   544                           ;lcd_utilities.c: 96: int i;
   545                           ;lcd_utilities.c: 97: TRISD = 0x00;
   546                           
   547                           ;incstack = 0
   548  007E82  0E00               	movlw	0
   549  007E84  6E95               	movwf	3989,c	;volatile
   550                           
   551                           ;lcd_utilities.c: 98: PORTD = 0x00;
   552  007E86  0E00               	movlw	0
   553  007E88  6E83               	movwf	3971,c	;volatile
   554                           
   555                           ;lcd_utilities.c: 99: PORTDbits.RD4 = 0;
   556  007E8A  9883               	bcf	3971,4,c	;volatile
   557                           
   558                           ;lcd_utilities.c: 100: PORTDbits.RD6 = 0;
   559  007E8C  9C83               	bcf	3971,6,c	;volatile
   560                           
   561                           ;lcd_utilities.c: 101: PORTDbits.RD5 = 0;
   562  007E8E  9A83               	bcf	3971,5,c	;volatile
   563                           
   564                           ;lcd_utilities.c: 103: for(i=0;i<100;i++)
   565  007E90  0E00               	movlw	0
   566  007E92  6E1C               	movwf	lcd_init@i+1,c
   567  007E94  0E00               	movlw	0
   568  007E96  6E1B               	movwf	lcd_init@i,c
   569  007E98                     l980:
   570  007E98  BE1C               	btfsc	lcd_init@i+1,7,c
   571  007E9A  D006               	goto	l984
   572  007E9C  501C               	movf	lcd_init@i+1,w,c
   573  007E9E  E10F               	bnz	l988
   574  007EA0  0E64               	movlw	100
   575  007EA2  5C1B               	subwf	lcd_init@i,w,c
   576  007EA4  B0D8               	btfsc	status,0,c
   577  007EA6  D00B               	goto	l988
   578  007EA8                     l984:
   579                           
   580                           ;lcd_utilities.c: 104: _delay((unsigned long)((10)*(48000000/4000.0)));
   581  007EA8  0E9C               	movlw	156
   582  007EAA  6E1A               	movwf	??_lcd_init& (0+255),c
   583  007EAC  0ED7               	movlw	215
   584  007EAE                     u617:
   585  007EAE  2EE8               	decfsz	wreg,f,c
   586  007EB0  D7FE               	goto	u617
   587  007EB2  2E1A               	decfsz	??_lcd_init& (0+255),f,c
   588  007EB4  D7FC               	goto	u617
   589  007EB6  F000               	nop	
   590  007EB8  4A1B               	infsnz	lcd_init@i,f,c
   591  007EBA  2A1C               	incf	lcd_init@i+1,f,c
   592  007EBC  D7ED               	goto	l980
   593  007EBE                     l988:
   594                           
   595                           ;lcd_utilities.c: 117: lcd_write_cmd(0x33);
   596  007EBE  0E33               	movlw	51
   597  007EC0  EC09  F03F         	call	_lcd_write_cmd
   598                           
   599                           ;lcd_utilities.c: 118: lcd_write_cmd(0x32);
   600  007EC4  0E32               	movlw	50
   601  007EC6  EC09  F03F         	call	_lcd_write_cmd
   602                           
   603                           ;lcd_utilities.c: 120: lcd_write_cmd(0x28);
   604  007ECA  0E28               	movlw	40
   605  007ECC  EC09  F03F         	call	_lcd_write_cmd
   606                           
   607                           ;lcd_utilities.c: 123: lcd_write_cmd(0x0E);
   608  007ED0  0E0E               	movlw	14
   609  007ED2  EC09  F03F         	call	_lcd_write_cmd
   610                           
   611                           ;lcd_utilities.c: 126: lcd_write_cmd(0x06);
   612  007ED6  0E06               	movlw	6
   613  007ED8  EC09  F03F         	call	_lcd_write_cmd
   614                           
   615                           ;lcd_utilities.c: 130: lcd_write_cmd(0x01);
   616  007EDC  0E01               	movlw	1
   617  007EDE  EC09  F03F         	call	_lcd_write_cmd
   618                           
   619                           ;lcd_utilities.c: 132: _delay((unsigned long)((10)*(48000000/4000.0)));
   620  007EE2  0E9C               	movlw	156
   621  007EE4  6E1A               	movwf	??_lcd_init& (0+255),c
   622  007EE6  0ED7               	movlw	215
   623  007EE8                     u627:
   624  007EE8  2EE8               	decfsz	wreg,f,c
   625  007EEA  D7FE               	goto	u627
   626  007EEC  2E1A               	decfsz	??_lcd_init& (0+255),f,c
   627  007EEE  D7FC               	goto	u627
   628  007EF0  F000               	nop	
   629  007EF2  0012               	return		;funcret
   630  007EF4                     __end_of_lcd_init:
   631                           	opt stack 0
   632                           tblptru	equ	0xFF8
   633                           tblptrh	equ	0xFF7
   634                           tblptrl	equ	0xFF6
   635                           tablat	equ	0xFF5
   636                           postinc0	equ	0xFEE
   637                           wreg	equ	0xFE8
   638                           postdec1	equ	0xFE5
   639                           fsr1l	equ	0xFE1
   640                           status	equ	0xFD8
   641                           
   642 ;; *************** function _lcd_write_cmd *****************
   643 ;; Defined at:
   644 ;;		line 29 in file "lcd_utilities.c"
   645 ;; Parameters:    Size  Location     Type
   646 ;;  cmd             1    wreg     unsigned char 
   647 ;; Auto vars:     Size  Location     Type
   648 ;;  cmd             1    2[COMRAM] unsigned char 
   649 ;;  temp2           1    3[COMRAM] unsigned char 
   650 ;; Return value:  Size  Location     Type
   651 ;;		None               void
   652 ;; Registers used:
   653 ;;		wreg, status,2, status,0, cstack
   654 ;; Tracked objects:
   655 ;;		On entry : 0/0
   656 ;;		On exit  : 0/0
   657 ;;		Unchanged: 0/0
   658 ;; Data sizes:     COMRAM   BANK0   BANK1   BANK2   BANK3   BANK4   BANK5   BANK6   BANK7
   659 ;;      Params:         0       0       0       0       0       0       0       0       0
   660 ;;      Locals:         2       0       0       0       0       0       0       0       0
   661 ;;      Temps:          1       0       0       0       0       0       0       0       0
   662 ;;      Totals:         3       0       0       0       0       0       0       0       0
   663 ;;Total ram usage:        3 bytes
   664 ;; Hardware stack levels used:    1
   665 ;; Hardware stack levels required when called:    1
   666 ;; This function calls:
   667 ;;		_lcd_strobe
   668 ;; This function is called by:
   669 ;;		_lcd_init
   670 ;;		_PIR
   671 ;;		_clearScreen
   672 ;;		_LockMotor
   673 ;; This function uses a non-reentrant model
   674 ;;
   675                           
   676                           	psect	text3
   677  007E12                     __ptext3:
   678                           	opt stack 0
   679  007E12                     _lcd_write_cmd:
   680                           	opt stack 27
   681                           
   682                           ;incstack = 0
   683                           ;lcd_write_cmd@cmd stored from wreg
   684  007E12  6E18               	movwf	lcd_write_cmd@cmd,c
   685                           
   686                           ;lcd_utilities.c: 31: unsigned char temp2;
   687                           ;lcd_utilities.c: 32: PORTDbits.RD6 = 0;
   688  007E14  9C83               	bcf	3971,6,c	;volatile
   689                           
   690                           ;lcd_utilities.c: 33: _delay((unsigned long)((4)*(48000000/4000.0)));
   691  007E16  0E3F               	movlw	63
   692  007E18  6E17               	movwf	??_lcd_write_cmd& (0+255),c
   693  007E1A  0E55               	movlw	85
   694  007E1C                     u637:
   695  007E1C  2EE8               	decfsz	wreg,f,c
   696  007E1E  D7FE               	goto	u637
   697  007E20  2E17               	decfsz	??_lcd_write_cmd& (0+255),f,c
   698  007E22  D7FC               	goto	u637
   699  007E24  F000               	nop	
   700                           
   701                           ;lcd_utilities.c: 34: temp2 = cmd;
   702  007E26  C018  F019         	movff	lcd_write_cmd@cmd,lcd_write_cmd@temp2
   703                           
   704                           ;lcd_utilities.c: 35: temp2 = temp2 >> 4;
   705  007E2A  3819               	swapf	lcd_write_cmd@temp2,w,c
   706  007E2C  0B0F               	andlw	15
   707  007E2E  6E19               	movwf	lcd_write_cmd@temp2,c
   708                           
   709                           ;lcd_utilities.c: 36: PORTD = temp2 & 0x0F;
   710  007E30  5019               	movf	lcd_write_cmd@temp2,w,c
   711  007E32  0B0F               	andlw	15
   712  007E34  6E83               	movwf	3971,c	;volatile
   713                           
   714                           ;lcd_utilities.c: 38: _delay((unsigned long)((8)*(48000000/4000.0)));
   715  007E36  0E7D               	movlw	125
   716  007E38  6E17               	movwf	??_lcd_write_cmd& (0+255),c
   717  007E3A  0EAC               	movlw	172
   718  007E3C                     u647:
   719  007E3C  2EE8               	decfsz	wreg,f,c
   720  007E3E  D7FE               	goto	u647
   721  007E40  2E17               	decfsz	??_lcd_write_cmd& (0+255),f,c
   722  007E42  D7FC               	goto	u647
   723                           
   724                           ;lcd_utilities.c: 39: lcd_strobe();
   725  007E44  EC98  F03E         	call	_lcd_strobe	;wreg free
   726                           
   727                           ;lcd_utilities.c: 41: _delay((unsigned long)((8)*(48000000/4000.0)));
   728  007E48  0E7D               	movlw	125
   729  007E4A  6E17               	movwf	??_lcd_write_cmd& (0+255),c
   730  007E4C  0EAC               	movlw	172
   731  007E4E                     u657:
   732  007E4E  2EE8               	decfsz	wreg,f,c
   733  007E50  D7FE               	goto	u657
   734  007E52  2E17               	decfsz	??_lcd_write_cmd& (0+255),f,c
   735  007E54  D7FC               	goto	u657
   736                           
   737                           ;lcd_utilities.c: 43: temp2 = cmd;
   738  007E56  C018  F019         	movff	lcd_write_cmd@cmd,lcd_write_cmd@temp2
   739                           
   740                           ;lcd_utilities.c: 44: PORTD = temp2 & 0x0F;
   741  007E5A  5019               	movf	lcd_write_cmd@temp2,w,c
   742  007E5C  0B0F               	andlw	15
   743  007E5E  6E83               	movwf	3971,c	;volatile
   744                           
   745                           ;lcd_utilities.c: 46: _delay((unsigned long)((8)*(48000000/4000.0)));
   746  007E60  0E7D               	movlw	125
   747  007E62  6E17               	movwf	??_lcd_write_cmd& (0+255),c
   748  007E64  0EAC               	movlw	172
   749  007E66                     u667:
   750  007E66  2EE8               	decfsz	wreg,f,c
   751  007E68  D7FE               	goto	u667
   752  007E6A  2E17               	decfsz	??_lcd_write_cmd& (0+255),f,c
   753  007E6C  D7FC               	goto	u667
   754                           
   755                           ;lcd_utilities.c: 47: lcd_strobe();
   756  007E6E  EC98  F03E         	call	_lcd_strobe	;wreg free
   757                           
   758                           ;lcd_utilities.c: 48: _delay((unsigned long)((8)*(48000000/4000.0)));
   759  007E72  0E7D               	movlw	125
   760  007E74  6E17               	movwf	??_lcd_write_cmd& (0+255),c
   761  007E76  0EAC               	movlw	172
   762  007E78                     u677:
   763  007E78  2EE8               	decfsz	wreg,f,c
   764  007E7A  D7FE               	goto	u677
   765  007E7C  2E17               	decfsz	??_lcd_write_cmd& (0+255),f,c
   766  007E7E  D7FC               	goto	u677
   767  007E80  0012               	return		;funcret
   768  007E82                     __end_of_lcd_write_cmd:
   769                           	opt stack 0
   770                           tblptru	equ	0xFF8
   771                           tblptrh	equ	0xFF7
   772                           tblptrl	equ	0xFF6
   773                           tablat	equ	0xFF5
   774                           postinc0	equ	0xFEE
   775                           wreg	equ	0xFE8
   776                           postdec1	equ	0xFE5
   777                           fsr1l	equ	0xFE1
   778                           status	equ	0xFD8
   779                           
   780 ;; *************** function _lcd_strobe *****************
   781 ;; Defined at:
   782 ;;		line 84 in file "lcd_utilities.c"
   783 ;; Parameters:    Size  Location     Type
   784 ;;		None
   785 ;; Auto vars:     Size  Location     Type
   786 ;;		None
   787 ;; Return value:  Size  Location     Type
   788 ;;		None               void
   789 ;; Registers used:
   790 ;;		wreg
   791 ;; Tracked objects:
   792 ;;		On entry : 0/0
   793 ;;		On exit  : 0/0
   794 ;;		Unchanged: 0/0
   795 ;; Data sizes:     COMRAM   BANK0   BANK1   BANK2   BANK3   BANK4   BANK5   BANK6   BANK7
   796 ;;      Params:         0       0       0       0       0       0       0       0       0
   797 ;;      Locals:         0       0       0       0       0       0       0       0       0
   798 ;;      Temps:          1       0       0       0       0       0       0       0       0
   799 ;;      Totals:         1       0       0       0       0       0       0       0       0
   800 ;;Total ram usage:        1 bytes
   801 ;; Hardware stack levels used:    1
   802 ;; This function calls:
   803 ;;		Nothing
   804 ;; This function is called by:
   805 ;;		_lcd_write_cmd
   806 ;;		_lcd_write_data
   807 ;; This function uses a non-reentrant model
   808 ;;
   809                           
   810                           	psect	text4
   811  007D30                     __ptext4:
   812                           	opt stack 0
   813  007D30                     _lcd_strobe:
   814                           	opt stack 27
   815                           
   816                           ;lcd_utilities.c: 86: PORTDbits.RD4 = 1;
   817                           
   818                           ;incstack = 0
   819  007D30  8883               	bsf	3971,4,c	;volatile
   820                           
   821                           ;lcd_utilities.c: 87: _delay((unsigned long)((8)*(48000000/4000.0)));
   822  007D32  0E7D               	movlw	125
   823  007D34  6E16               	movwf	??_lcd_strobe& (0+255),c
   824  007D36  0EAC               	movlw	172
   825  007D38                     u687:
   826  007D38  2EE8               	decfsz	wreg,f,c
   827  007D3A  D7FE               	goto	u687
   828  007D3C  2E16               	decfsz	??_lcd_strobe& (0+255),f,c
   829  007D3E  D7FC               	goto	u687
   830                           
   831                           ;lcd_utilities.c: 88: PORTDbits.RD4 = 0;
   832  007D40  9883               	bcf	3971,4,c	;volatile
   833                           
   834                           ;lcd_utilities.c: 89: _delay((unsigned long)((8)*(48000000/4000.0)));
   835  007D42  0E7D               	movlw	125
   836  007D44  6E16               	movwf	??_lcd_strobe& (0+255),c
   837  007D46  0EAC               	movlw	172
   838  007D48                     u697:
   839  007D48  2EE8               	decfsz	wreg,f,c
   840  007D4A  D7FE               	goto	u697
   841  007D4C  2E16               	decfsz	??_lcd_strobe& (0+255),f,c
   842  007D4E  D7FC               	goto	u697
   843  007D50  0012               	return		;funcret
   844  007D52                     __end_of_lcd_strobe:
   845                           	opt stack 0
   846                           tblptru	equ	0xFF8
   847                           tblptrh	equ	0xFF7
   848                           tblptrl	equ	0xFF6
   849                           tablat	equ	0xFF5
   850                           postinc0	equ	0xFEE
   851                           wreg	equ	0xFE8
   852                           postdec1	equ	0xFE5
   853                           fsr1l	equ	0xFE1
   854                           status	equ	0xFD8
   855                           
   856 ;; *************** function _lcd_backlight_on *****************
   857 ;; Defined at:
   858 ;;		line 18 in file "lcd_utilities.c"
   859 ;; Parameters:    Size  Location     Type
   860 ;;		None
   861 ;; Auto vars:     Size  Location     Type
   862 ;;		None
   863 ;; Return value:  Size  Location     Type
   864 ;;		None               void
   865 ;; Registers used:
   866 ;;		None
   867 ;; Tracked objects:
   868 ;;		On entry : 0/0
   869 ;;		On exit  : 0/0
   870 ;;		Unchanged: 0/0
   871 ;; Data sizes:     COMRAM   BANK0   BANK1   BANK2   BANK3   BANK4   BANK5   BANK6   BANK7
   872 ;;      Params:         0       0       0       0       0       0       0       0       0
   873 ;;      Locals:         0       0       0       0       0       0       0       0       0
   874 ;;      Temps:          0       0       0       0       0       0       0       0       0
   875 ;;      Totals:         0       0       0       0       0       0       0       0       0
   876 ;;Total ram usage:        0 bytes
   877 ;; Hardware stack levels used:    1
   878 ;; This function calls:
   879 ;;		Nothing
   880 ;; This function is called by:
   881 ;;		_UltraSound
   882 ;; This function uses a non-reentrant model
   883 ;;
   884                           
   885                           	psect	text5
   886  007D0C                     __ptext5:
   887                           	opt stack 0
   888  007D0C                     _lcd_backlight_on:
   889                           	opt stack 29
   890                           
   891                           ;lcd_utilities.c: 19: PORTDbits.RD7 = 1;
   892                           
   893                           ;incstack = 0
   894  007D0C  8E83               	bsf	3971,7,c	;volatile
   895  007D0E  0012               	return		;funcret
   896  007D10                     __end_of_lcd_backlight_on:
   897                           	opt stack 0
   898                           tblptru	equ	0xFF8
   899                           tblptrh	equ	0xFF7
   900                           tblptrl	equ	0xFF6
   901                           tablat	equ	0xFF5
   902                           postinc0	equ	0xFEE
   903                           wreg	equ	0xFE8
   904                           postdec1	equ	0xFE5
   905                           fsr1l	equ	0xFE1
   906                           status	equ	0xFD8
   907                           
   908 ;; *************** function _lcd_backlight_off *****************
   909 ;; Defined at:
   910 ;;		line 23 in file "lcd_utilities.c"
   911 ;; Parameters:    Size  Location     Type
   912 ;;		None
   913 ;; Auto vars:     Size  Location     Type
   914 ;;		None
   915 ;; Return value:  Size  Location     Type
   916 ;;		None               void
   917 ;; Registers used:
   918 ;;		None
   919 ;; Tracked objects:
   920 ;;		On entry : 0/0
   921 ;;		On exit  : 0/0
   922 ;;		Unchanged: 0/0
   923 ;; Data sizes:     COMRAM   BANK0   BANK1   BANK2   BANK3   BANK4   BANK5   BANK6   BANK7
   924 ;;      Params:         0       0       0       0       0       0       0       0       0
   925 ;;      Locals:         0       0       0       0       0       0       0       0       0
   926 ;;      Temps:          0       0       0       0       0       0       0       0       0
   927 ;;      Totals:         0       0       0       0       0       0       0       0       0
   928 ;;Total ram usage:        0 bytes
   929 ;; Hardware stack levels used:    1
   930 ;; This function calls:
   931 ;;		Nothing
   932 ;; This function is called by:
   933 ;;		_UltraSound
   934 ;; This function uses a non-reentrant model
   935 ;;
   936                           
   937                           	psect	text6
   938  007D08                     __ptext6:
   939                           	opt stack 0
   940  007D08                     _lcd_backlight_off:
   941                           	opt stack 29
   942                           
   943                           ;lcd_utilities.c: 24: PORTDbits.RD7 = 0;
   944                           
   945                           ;incstack = 0
   946  007D08  9E83               	bcf	3971,7,c	;volatile
   947  007D0A  0012               	return		;funcret
   948  007D0C                     __end_of_lcd_backlight_off:
   949                           	opt stack 0
   950                           tblptru	equ	0xFF8
   951                           tblptrh	equ	0xFF7
   952                           tblptrl	equ	0xFF6
   953                           tablat	equ	0xFF5
   954                           postinc0	equ	0xFEE
   955                           wreg	equ	0xFE8
   956                           postdec1	equ	0xFE5
   957                           fsr1l	equ	0xFE1
   958                           status	equ	0xFD8
   959                           
   960 ;; *************** function _delay_us *****************
   961 ;; Defined at:
   962 ;;		line 17 in file "delays_utilities.c"
   963 ;; Parameters:    Size  Location     Type
   964 ;;  i               2    7[COMRAM] unsigned int 
   965 ;; Auto vars:     Size  Location     Type
   966 ;;  lower           2   11[COMRAM] unsigned int 
   967 ;;  j               2    9[COMRAM] unsigned int 
   968 ;; Return value:  Size  Location     Type
   969 ;;		None               void
   970 ;; Registers used:
   971 ;;		wreg, status,2, status,0, cstack
   972 ;; Tracked objects:
   973 ;;		On entry : 0/0
   974 ;;		On exit  : 0/0
   975 ;;		Unchanged: 0/0
   976 ;; Data sizes:     COMRAM   BANK0   BANK1   BANK2   BANK3   BANK4   BANK5   BANK6   BANK7
   977 ;;      Params:         2       0       0       0       0       0       0       0       0
   978 ;;      Locals:         4       0       0       0       0       0       0       0       0
   979 ;;      Temps:          0       0       0       0       0       0       0       0       0
   980 ;;      Totals:         6       0       0       0       0       0       0       0       0
   981 ;;Total ram usage:        6 bytes
   982 ;; Hardware stack levels used:    1
   983 ;; Hardware stack levels required when called:    1
   984 ;; This function calls:
   985 ;;		___lwdiv
   986 ;; This function is called by:
   987 ;;		_UltraSound
   988 ;; This function uses a non-reentrant model
   989 ;;
   990                           
   991                           	psect	text7
   992  007EF4                     __ptext7:
   993                           	opt stack 0
   994  007EF4                     _delay_us:
   995                           	opt stack 28
   996                           
   997                           ;delays_utilities.c: 19: unsigned int j,lower;
   998                           ;delays_utilities.c: 22: lower = i;
   999                           
  1000                           ;incstack = 0
  1001  007EF4  C01D  F021         	movff	delay_us@i,delay_us@lower
  1002  007EF8  C01E  F022         	movff	delay_us@i+1,delay_us@lower+1
  1003                           
  1004                           ;delays_utilities.c: 23: lower = lower/20;
  1005  007EFC  C021  F016         	movff	delay_us@lower,___lwdiv@dividend
  1006  007F00  C022  F017         	movff	delay_us@lower+1,___lwdiv@dividend+1
  1007  007F04  0E00               	movlw	0
  1008  007F06  6E19               	movwf	___lwdiv@divisor+1,c
  1009  007F08  0E14               	movlw	20
  1010  007F0A  6E18               	movwf	___lwdiv@divisor,c
  1011  007F0C  ECE0  F03E         	call	___lwdiv	;wreg free
  1012  007F10  C016  F021         	movff	?___lwdiv,delay_us@lower
  1013  007F14  C017  F022         	movff	?___lwdiv+1,delay_us@lower+1
  1014                           
  1015                           ;delays_utilities.c: 25: if (i< 5)
  1016  007F18  501E               	movf	delay_us@i+1,w,c
  1017  007F1A  E104               	bnz	l1378
  1018  007F1C  0E05               	movlw	5
  1019  007F1E  5C1D               	subwf	delay_us@i,w,c
  1020  007F20  A0D8               	btfss	status,0,c
  1021  007F22  0012               	return	
  1022  007F24                     l1378:
  1023                           
  1024                           ;delays_utilities.c: 29: else
  1025                           ;delays_utilities.c: 30: if(i<10)
  1026  007F24  501E               	movf	delay_us@i+1,w,c
  1027  007F26  E108               	bnz	l1382
  1028  007F28  0E0A               	movlw	10
  1029  007F2A  5C1D               	subwf	delay_us@i,w,c
  1030  007F2C  B0D8               	btfsc	status,0,c
  1031  007F2E  D004               	goto	l1382
  1032                           
  1033                           ;delays_utilities.c: 31: {
  1034                           ;delays_utilities.c: 32: _delay((unsigned long)((7)*(48000000/4000000.0)));
  1035  007F30  0E1C               	movlw	28
  1036  007F32                     u707:
  1037  007F32  2EE8               	decfsz	wreg,f,c
  1038  007F34  D7FE               	goto	u707
  1039                           
  1040                           ;delays_utilities.c: 33: }
  1041  007F36  0012               	return	
  1042  007F38                     l1382:
  1043                           
  1044                           ;delays_utilities.c: 34: else if(i< 20)
  1045  007F38  501E               	movf	delay_us@i+1,w,c
  1046  007F3A  E108               	bnz	l1386
  1047  007F3C  0E14               	movlw	20
  1048  007F3E  5C1D               	subwf	delay_us@i,w,c
  1049  007F40  B0D8               	btfsc	status,0,c
  1050  007F42  D004               	goto	l1386
  1051                           
  1052                           ;delays_utilities.c: 35: {
  1053                           ;delays_utilities.c: 36: _delay((unsigned long)((15)*(48000000/4000000.0)));
  1054  007F44  0E3C               	movlw	60
  1055  007F46                     u717:
  1056  007F46  2EE8               	decfsz	wreg,f,c
  1057  007F48  D7FE               	goto	u717
  1058                           
  1059                           ;delays_utilities.c: 37: }
  1060  007F4A  0012               	return	
  1061  007F4C                     l1386:
  1062                           
  1063                           ;delays_utilities.c: 38: else
  1064                           ;delays_utilities.c: 39: for(j=0;j<lower;j++)_delay((unsigned long)((20)*(48000000/40000
      +                          00.0)));
  1065  007F4C  0E00               	movlw	0
  1066  007F4E  6E20               	movwf	delay_us@j+1,c
  1067  007F50  0E00               	movlw	0
  1068  007F52  6E1F               	movwf	delay_us@j,c
  1069  007F54  D005               	goto	l83
  1070  007F56                     l1388:
  1071  007F56  0E50               	movlw	80
  1072  007F58                     u727:
  1073  007F58  2EE8               	decfsz	wreg,f,c
  1074  007F5A  D7FE               	goto	u727
  1075  007F5C  4A1F               	infsnz	delay_us@j,f,c
  1076  007F5E  2A20               	incf	delay_us@j+1,f,c
  1077  007F60                     l83:
  1078  007F60  5021               	movf	delay_us@lower,w,c
  1079  007F62  5C1F               	subwf	delay_us@j,w,c
  1080  007F64  5022               	movf	delay_us@lower+1,w,c
  1081  007F66  5820               	subwfb	delay_us@j+1,w,c
  1082  007F68  B0D8               	btfsc	status,0,c
  1083  007F6A  0012               	return	
  1084  007F6C  D7F4               	goto	l1388
  1085  007F6E                     __end_of_delay_us:
  1086                           	opt stack 0
  1087                           tblptru	equ	0xFF8
  1088                           tblptrh	equ	0xFF7
  1089                           tblptrl	equ	0xFF6
  1090                           tablat	equ	0xFF5
  1091                           postinc0	equ	0xFEE
  1092                           wreg	equ	0xFE8
  1093                           postdec1	equ	0xFE5
  1094                           fsr1l	equ	0xFE1
  1095                           status	equ	0xFD8
  1096                           
  1097 ;; *************** function ___lwdiv *****************
  1098 ;; Defined at:
  1099 ;;		line 8 in file "C:\Program Files (x86)\Microchip\xc8\v1.35\sources\common\lwdiv.c"
  1100 ;; Parameters:    Size  Location     Type
  1101 ;;  dividend        2    0[COMRAM] unsigned int 
  1102 ;;  divisor         2    2[COMRAM] unsigned int 
  1103 ;; Auto vars:     Size  Location     Type
  1104 ;;  quotient        2    4[COMRAM] unsigned int 
  1105 ;;  counter         1    6[COMRAM] unsigned char 
  1106 ;; Return value:  Size  Location     Type
  1107 ;;                  2    0[COMRAM] unsigned int 
  1108 ;; Registers used:
  1109 ;;		wreg, status,2, status,0
  1110 ;; Tracked objects:
  1111 ;;		On entry : 0/0
  1112 ;;		On exit  : 0/0
  1113 ;;		Unchanged: 0/0
  1114 ;; Data sizes:     COMRAM   BANK0   BANK1   BANK2   BANK3   BANK4   BANK5   BANK6   BANK7
  1115 ;;      Params:         4       0       0       0       0       0       0       0       0
  1116 ;;      Locals:         3       0       0       0       0       0       0       0       0
  1117 ;;      Temps:          0       0       0       0       0       0       0       0       0
  1118 ;;      Totals:         7       0       0       0       0       0       0       0       0
  1119 ;;Total ram usage:        7 bytes
  1120 ;; Hardware stack levels used:    1
  1121 ;; This function calls:
  1122 ;;		Nothing
  1123 ;; This function is called by:
  1124 ;;		_delay_us
  1125 ;;		_UltraSound
  1126 ;; This function uses a non-reentrant model
  1127 ;;
  1128                           
  1129                           	psect	text8
  1130  007DC0                     __ptext8:
  1131                           	opt stack 0
  1132  007DC0                     ___lwdiv:
  1133                           	opt stack 28
  1134                           
  1135                           ;incstack = 0
  1136  007DC0  0E00               	movlw	0
  1137  007DC2  6E1B               	movwf	___lwdiv@quotient+1,c
  1138  007DC4  0E00               	movlw	0
  1139  007DC6  6E1A               	movwf	___lwdiv@quotient,c
  1140  007DC8  5018               	movf	___lwdiv@divisor,w,c
  1141  007DCA  1019               	iorwf	___lwdiv@divisor+1,w,c
  1142  007DCC  B4D8               	btfsc	status,2,c
  1143  007DCE  D01C               	goto	l665
  1144  007DD0  0E01               	movlw	1
  1145  007DD2  6E1C               	movwf	___lwdiv@counter,c
  1146  007DD4  D004               	goto	l1346
  1147  007DD6                     l1344:
  1148  007DD6  90D8               	bcf	status,0,c
  1149  007DD8  3618               	rlcf	___lwdiv@divisor,f,c
  1150  007DDA  3619               	rlcf	___lwdiv@divisor+1,f,c
  1151  007DDC  2A1C               	incf	___lwdiv@counter,f,c
  1152  007DDE                     l1346:
  1153  007DDE  AE19               	btfss	___lwdiv@divisor+1,7,c
  1154  007DE0  D7FA               	goto	l1344
  1155  007DE2                     l1348:
  1156  007DE2  90D8               	bcf	status,0,c
  1157  007DE4  361A               	rlcf	___lwdiv@quotient,f,c
  1158  007DE6  361B               	rlcf	___lwdiv@quotient+1,f,c
  1159  007DE8  5018               	movf	___lwdiv@divisor,w,c
  1160  007DEA  5C16               	subwf	___lwdiv@dividend,w,c
  1161  007DEC  5019               	movf	___lwdiv@divisor+1,w,c
  1162  007DEE  5817               	subwfb	___lwdiv@dividend+1,w,c
  1163  007DF0  A0D8               	btfss	status,0,c
  1164  007DF2  D005               	goto	l1356
  1165  007DF4  5018               	movf	___lwdiv@divisor,w,c
  1166  007DF6  5E16               	subwf	___lwdiv@dividend,f,c
  1167  007DF8  5019               	movf	___lwdiv@divisor+1,w,c
  1168  007DFA  5A17               	subwfb	___lwdiv@dividend+1,f,c
  1169  007DFC  801A               	bsf	___lwdiv@quotient,0,c
  1170  007DFE                     l1356:
  1171  007DFE  90D8               	bcf	status,0,c
  1172  007E00  3219               	rrcf	___lwdiv@divisor+1,f,c
  1173  007E02  3218               	rrcf	___lwdiv@divisor,f,c
  1174  007E04  2E1C               	decfsz	___lwdiv@counter,f,c
  1175  007E06  D7ED               	goto	l1348
  1176  007E08                     l665:
  1177  007E08  C01A  F016         	movff	___lwdiv@quotient,?___lwdiv
  1178  007E0C  C01B  F017         	movff	___lwdiv@quotient+1,?___lwdiv+1
  1179  007E10  0012               	return		;funcret
  1180  007E12                     __end_of___lwdiv:
  1181                           	opt stack 0
  1182                           tblptru	equ	0xFF8
  1183                           tblptrh	equ	0xFF7
  1184                           tblptrl	equ	0xFF6
  1185                           tablat	equ	0xFF5
  1186                           postinc0	equ	0xFEE
  1187                           wreg	equ	0xFE8
  1188                           postdec1	equ	0xFE5
  1189                           fsr1l	equ	0xFE1
  1190                           status	equ	0xFD8
  1191                           
  1192 ;; *************** function _delay_ms *****************
  1193 ;; Defined at:
  1194 ;;		line 10 in file "delays_utilities.c"
  1195 ;; Parameters:    Size  Location     Type
  1196 ;;  i               2    0[COMRAM] unsigned int 
  1197 ;; Auto vars:     Size  Location     Type
  1198 ;;  j               2    3[COMRAM] unsigned int 
  1199 ;; Return value:  Size  Location     Type
  1200 ;;		None               void
  1201 ;; Registers used:
  1202 ;;		wreg, status,2, status,0
  1203 ;; Tracked objects:
  1204 ;;		On entry : 0/0
  1205 ;;		On exit  : 0/0
  1206 ;;		Unchanged: 0/0
  1207 ;; Data sizes:     COMRAM   BANK0   BANK1   BANK2   BANK3   BANK4   BANK5   BANK6   BANK7
  1208 ;;      Params:         2       0       0       0       0       0       0       0       0
  1209 ;;      Locals:         2       0       0       0       0       0       0       0       0
  1210 ;;      Temps:          1       0       0       0       0       0       0       0       0
  1211 ;;      Totals:         5       0       0       0       0       0       0       0       0
  1212 ;;Total ram usage:        5 bytes
  1213 ;; Hardware stack levels used:    1
  1214 ;; This function calls:
  1215 ;;		Nothing
  1216 ;; This function is called by:
  1217 ;;		_UltraSound
  1218 ;;		_PIR
  1219 ;;		_LockMotor
  1220 ;;		_buzzer_but
  1221 ;; This function uses a non-reentrant model
  1222 ;;
  1223                           
  1224                           	psect	text9
  1225  007D52                     __ptext9:
  1226                           	opt stack 0
  1227  007D52                     _delay_ms:
  1228                           	opt stack 29
  1229                           
  1230                           ;delays_utilities.c: 12: if(i!=0)
  1231                           
  1232                           ;incstack = 0
  1233  007D52  5016               	movf	delay_ms@i,w,c
  1234  007D54  1017               	iorwf	delay_ms@i+1,w,c
  1235  007D56  B4D8               	btfsc	status,2,c
  1236  007D58  0012               	return	
  1237                           
  1238                           ;delays_utilities.c: 13: for(j=0;j<i;j++)_delay((unsigned long)((1)*(48000000/4000.0)));
  1239  007D5A  0E00               	movlw	0
  1240  007D5C  6E1A               	movwf	delay_ms@j+1,c
  1241  007D5E  0E00               	movlw	0
  1242  007D60  6E19               	movwf	delay_ms@j,c
  1243  007D62  D00A               	goto	l70
  1244  007D64                     l1364:
  1245  007D64  0E10               	movlw	16
  1246  007D66  6E18               	movwf	??_delay_ms& (0+255),c
  1247  007D68  0E94               	movlw	148
  1248  007D6A                     u737:
  1249  007D6A  2EE8               	decfsz	wreg,f,c
  1250  007D6C  D7FE               	goto	u737
  1251  007D6E  2E18               	decfsz	??_delay_ms& (0+255),f,c
  1252  007D70  D7FC               	goto	u737
  1253  007D72  D000               	nop2	
  1254  007D74  4A19               	infsnz	delay_ms@j,f,c
  1255  007D76  2A1A               	incf	delay_ms@j+1,f,c
  1256  007D78                     l70:
  1257  007D78  5016               	movf	delay_ms@i,w,c
  1258  007D7A  5C19               	subwf	delay_ms@j,w,c
  1259  007D7C  5017               	movf	delay_ms@i+1,w,c
  1260  007D7E  581A               	subwfb	delay_ms@j+1,w,c
  1261  007D80  B0D8               	btfsc	status,0,c
  1262  007D82  0012               	return	
  1263  007D84  D7EF               	goto	l1364
  1264  007D86                     __end_of_delay_ms:
  1265                           	opt stack 0
  1266                           tblptru	equ	0xFF8
  1267                           tblptrh	equ	0xFF7
  1268                           tblptrl	equ	0xFF6
  1269                           tablat	equ	0xFF5
  1270                           postinc0	equ	0xFEE
  1271                           wreg	equ	0xFE8
  1272                           postdec1	equ	0xFE5
  1273                           fsr1l	equ	0xFE1
  1274                           status	equ	0xFD8
  1275                           tblptru	equ	0xFF8
  1276                           tblptrh	equ	0xFF7
  1277                           tblptrl	equ	0xFF6
  1278                           tablat	equ	0xFF5
  1279                           postinc0	equ	0xFEE
  1280                           wreg	equ	0xFE8
  1281                           postdec1	equ	0xFE5
  1282                           fsr1l	equ	0xFE1
  1283                           status	equ	0xFD8
  1284                           
  1285                           	psect	rparam
  1286  0000                     tblptru	equ	0xFF8
  1287                           tblptrh	equ	0xFF7
  1288                           tblptrl	equ	0xFF6
  1289                           tablat	equ	0xFF5
  1290                           postinc0	equ	0xFEE
  1291                           wreg	equ	0xFE8
  1292                           postdec1	equ	0xFE5
  1293                           fsr1l	equ	0xFE1
  1294                           status	equ	0xFD8


Data Sizes:
    Strings     0
    Constant    18
    Data        21
    BSS         9
    Persistent  0
    Stack       0

Auto Spaces:
    Space          Size  Autos    Used
    COMRAM           95     17      47
    BANK0           160      0       0
    BANK1           256      0       0
    BANK2           256      0       0
    BANK3           256      0       0
    BANK4           256      0       0
    BANK5           256      0       0
    BANK6           256      0       0
    BANK7           256      0       0

Pointer List with Targets:

    None.

Critical Paths under _main in COMRAM

    _main->_UltraSound
    _UltraSound->_delay_us
    _lcd_init->_lcd_write_cmd
    _lcd_write_cmd->_lcd_strobe
    _delay_us->___lwdiv

Critical Paths under _main in BANK0

    None.

Critical Paths under _main in BANK1

    None.

Critical Paths under _main in BANK2

    None.

Critical Paths under _main in BANK3

    None.

Critical Paths under _main in BANK4

    None.

Critical Paths under _main in BANK5

    None.

Critical Paths under _main in BANK6

    None.

Critical Paths under _main in BANK7

    None.

Call Graph Tables:

 ---------------------------------------------------------------------------------
 (Depth) Function   	        Calls       Base Space   Used Autos Params    Refs
 ---------------------------------------------------------------------------------
 (0) _main                                                 0     0      0    1877
                         _UltraSound
 ---------------------------------------------------------------------------------
 (1) _UltraSound                                           4     4      0    1877
                                             13 COMRAM     4     4      0
                            ___lwdiv
                           _delay_ms
                           _delay_us
                  _lcd_backlight_off
                   _lcd_backlight_on
                           _lcd_init
 ---------------------------------------------------------------------------------
 (2) _lcd_init                                             3     3      0     105
                                              4 COMRAM     3     3      0
                      _lcd_write_cmd
 ---------------------------------------------------------------------------------
 (3) _lcd_write_cmd                                        3     3      0      75
                                              1 COMRAM     3     3      0
                         _lcd_strobe
 ---------------------------------------------------------------------------------
 (4) _lcd_strobe                                           1     1      0       0
                                              0 COMRAM     1     1      0
 ---------------------------------------------------------------------------------
 (2) _lcd_backlight_on                                     0     0      0       0
 ---------------------------------------------------------------------------------
 (2) _lcd_backlight_off                                    0     0      0       0
 ---------------------------------------------------------------------------------
 (2) _delay_us                                             6     4      2     704
                                              7 COMRAM     6     4      2
                            ___lwdiv
 ---------------------------------------------------------------------------------
 (3) ___lwdiv                                              7     3      4     418
                                              0 COMRAM     7     3      4
 ---------------------------------------------------------------------------------
 (2) _delay_ms                                             5     3      2     580
                                              0 COMRAM     5     3      2
 ---------------------------------------------------------------------------------
 Estimated maximum stack depth 4
 ---------------------------------------------------------------------------------

 Call Graph Graphs:

 _main (ROOT)
   _UltraSound
     ___lwdiv
     _delay_ms
     _delay_us
       ___lwdiv
     _lcd_backlight_off
     _lcd_backlight_on
     _lcd_init
       _lcd_write_cmd
         _lcd_strobe

 Address spaces:
Name               Size   Autos  Total    Cost      Usage
BIGRAM             7FF      0       0      21        0.0%
EEDATA             100      0       0       0        0.0%
BITBANK7           100      0       0      18        0.0%
BANK7              100      0       0      19        0.0%
BITBANK6           100      0       0      16        0.0%
BANK6              100      0       0      17        0.0%
BITBANK5           100      0       0      14        0.0%
BANK5              100      0       0      15        0.0%
BITBANK4           100      0       0      12        0.0%
BANK4              100      0       0      13        0.0%
BITBANK3           100      0       0      10        0.0%
BANK3              100      0       0      11        0.0%
BITBANK2           100      0       0       8        0.0%
BANK2              100      0       0       9        0.0%
BITBANK1           100      0       0       6        0.0%
BANK1              100      0       0       7        0.0%
BITBANK0            A0      0       0       4        0.0%
BANK0               A0      0       0       5        0.0%
BITCOMRAM           5F      0       0       0        0.0%
COMRAM              5F     11      2F       1       49.5%
BITSFR               0      0       0      40        0.0%
SFR                  0      0       0      40        0.0%
STACK                0      0       0       2        0.0%
NULL                 0      0       0       0        0.0%
ABS                  0      0      2F      20        0.0%
DATA                 0      0      2F       3        0.0%
CODE                 0      0       0       0        0.0%


Microchip Technology PIC18 Macro Assembler V1.35 build -356382666 
Symbol Table                                                                                   Tue Feb 06 16:08:36 2024

                         _c 0029                          l70 7D78                          l83 7F60  
__size_of_lcd_backlight_off 0004                          _p1 002C                          _p2 002D  
                        _p3 002E                          _p4 002F                         l105 7F9E  
                       l665 7E08                         l980 7E98                         l984 7EA8  
                       l988 7EBE                         _PR2 000FCB                         u617 7EAE  
                       u707 7F32                         u627 7EE8                         u717 7F46  
                       u637 7E1C                         u727 7F58                         u647 7E3C  
                       u737 7D6A                         u657 7E4E                         u667 7E66  
                       u677 7E78                         u687 7D38                         u697 7D48  
                       _key 002A                         wreg 000FE8                 getkey@F4444 1005  
                      l1400 7F7A                        l1412 7FBC                        l1422 7FFA  
                      l1344 7DD6                        l1416 7FCC                        l1408 7FAC  
                      l1346 7DDE                        l1426 7D14                        l1364 7D64  
                      l1356 7DFE                        l1348 7DE2                        l1382 7F38  
                      l1386 7F4C                        l1378 7F24                        l1388 7F56  
                      _TMR2 000FCC                        _main 7D10                        fsr1l 000FE1  
            ?_lcd_write_cmd 0016                        start 1000                ___param_bank 000010  
                     ?_main 0016                       _T2CON 000FCA             __end_of___lwdiv 7E12  
                     _PORTB 000F81                       _PORTD 000F83                       _TRISC 000F94  
                     _TRISD 000F95            lcd_write_cmd@cmd 0018                       _errno 0027  
                     tablat 000FF5                       status 000FD8             __initialization 7D86  
              __end_of_main 7D1A    __end_of_lcd_backlight_on 7D10                      ??_main 0027  
             __activetblptr 000001                      _ADCON1 000FC1                      _CCPR1L 000FBE  
                    _CCPR2L 000FBB                      _OSCCON 000FD3             ??_lcd_write_cmd 0017  
          __end_of_delay_ms 7D86            __end_of_delay_us 7F6E            __end_of_lcd_init 7EF4  
                 ??___lwdiv 001A                      clear_0 7D8C                __pdataCOMRAM 0001  
              __mediumconst 0000                      tblptrh 000FF7                      tblptrl 000FF6  
                    tblptru 000FF8                  __accesstop 0060     __end_of__initialization 7DB2  
                _UltraSound 7F6E               ___rparam_used 000001             UltraSound@Count 0025  
            __pcstackCOMRAM 0016                     _CCP1CON 000FBD                     _CCP2CON 000FBA  
                 ?_delay_ms 0016                   ?_delay_us 001D                  _lcd_strobe 7D30  
                 ?_lcd_init 0016          lcd_write_cmd@temp2 0019                 ?_UltraSound 0016  
                   __Hparam 0000                     __Lparam 0000                     ___lwdiv 7DC0  
              __psmallconst 1004           ?_lcd_backlight_on 0016                     __pcinit 7D86  
                   __ramtop 0800                     __ptext0 7D10                     __ptext1 7F6E  
                   __ptext2 7E82                     __ptext3 7E12                     __ptext4 7D30  
                   __ptext5 7D0C                     __ptext6 7D08                     __ptext7 7EF4  
                   __ptext8 7DC0                     __ptext9 7D52          ??_lcd_backlight_on 0016  
                 _T2CONbits 000FCA                  ??_delay_ms 0018                  ??_delay_us 001F  
                   _outchar 002B                  ??_lcd_init 001A        end_of_initialization 7DB2  
     UltraSound@distance_cm 0023                     postdec1 000FE5                     postinc0 000FEE  
                 _PORTAbits 000F80                   _PORTBbits 000F81                   _PORTCbits 000F82  
                 _PORTDbits 000F83         __size_of_UltraSound 0092                   _TRISAbits 000F92  
                 _TRISCbits 000F94                 ?_lcd_strobe 0016       __end_of_lcd_write_cmd 7E82  
             __pidataCOMRAM 7D1B         start_initialization 7D86               delay_us@lower 0021  
       __size_of_lcd_strobe 0022                 __pbssCOMRAM 0027           __size_of_delay_ms 0034  
         __size_of_delay_us 007A           __size_of_lcd_init 0072                ??_UltraSound 0023  
          ___lwdiv@dividend 0016                    ?___lwdiv 0016                 __smallconst 1004  
        __end_of_UltraSound 8000            ___lwdiv@quotient 001A   __size_of_lcd_backlight_on 0004  
                 delay_ms@i 0016                   delay_ms@j 0019                   delay_us@i 001D  
                 delay_us@j 001F                   lcd_init@i 001B                ??_lcd_strobe 0016  
                 copy_data0 7DA6                    _Message1 0001                    __Hrparam 0000  
                  __Lrparam 0000                __Lsmallconst 1004            __size_of___lwdiv 0052  
        __end_of_lcd_strobe 7D52           _lcd_backlight_off 7D08          ?_lcd_backlight_off 0016  
                  _delay_ms 7D52                    _delay_us 7EF4             ___lwdiv@divisor 0018  
           ___lwdiv@counter 001C                    _lcd_init 7E82         ??_lcd_backlight_off 0016  
             __size_of_main 000A   __end_of_lcd_backlight_off 7D0C      __size_of_lcd_write_cmd 0070  
          _lcd_backlight_on 7D0C         __end_ofgetkey@F4444 1017               _lcd_write_cmd 7E12  
